23:26:46: Creating resource group General
23:26:46: Creating resource group Internal
23:26:46: Creating resource group Autodetect
23:26:46: Registering ResourceManager for type Mesh
23:26:46: Registering ResourceManager for type Material
23:26:46: Registering ResourceManager for type Skeleton
23:26:46: XMLMeshSerializer reading mesh data from C:\Editing\Clonk\OpenClonk_Projects\Project_UnrealArena\Content\UnrealArena.ocf\Arena.ocd\Characters.ocd\Corpse.ocd\Graphics.mesh.xml...
23:26:46: Reading geometry...
23:26:46: Geometry done...
23:26:46: Reading submeshes...
23:26:46: Reading bone assignments...
23:26:46: Bone assignments done.
23:26:46: Submeshes done.
23:26:46: Skeleton: Loading include.Clonk.skeleton
23:26:46: OGRE EXCEPTION(6:FileNotFoundException): Cannot locate resource include.Clonk.skeleton in resource group General or any other group. in ResourceGroupManager::openResource at ..\..\..\..\OgreMain\src\OgreResourceGroupManager.cpp (line 756)
23:26:46: Unable to load skeleton include.Clonk.skeleton for Mesh conversion. This Mesh will not be animated. You can ignore this message if you are using an offline tool.
23:26:46: Reading bone assignments...
23:26:46: Bone assignments done.
23:26:46: Reading mesh names...
23:26:46: Mesh names done.
23:26:46: XMLMeshSerializer import successful.
23:26:46: Reorganising vertex buffers to automatic layout...
23:26:46: MeshSerializer writing mesh data to stream ...
23:26:46: File header written.
23:26:46: Writing mesh data...
23:26:46: Writing submesh...
23:26:46: Exporting submesh texture aliases...
23:26:46: Submesh texture aliases exported.
23:26:46: Submesh exported.
23:26:46: Exporting skeleton link...
23:26:46: Skeleton link exported.
23:26:46: Exporting shared geometry bone assignments...
23:26:46: Shared geometry bone assignments exported.
23:26:46: Exporting bounds information....
23:26:46: Bounds information exported.
23:26:46: Exporting submesh name table...
23:26:46: Submesh name table exported.
23:26:46: Exporting edge lists...
23:26:46: Edge lists exported
23:26:46: Mesh data exported.
23:26:46: MeshSerializer export successful.
23:26:46: Unregistering ResourceManager for type Skeleton
23:26:46: Unregistering ResourceManager for type Material
23:26:46: Unregistering ResourceManager for type Mesh
