23:42:55: Creating resource group General
23:42:55: Creating resource group Internal
23:42:55: Creating resource group Autodetect
23:42:55: Registering ResourceManager for type Mesh
23:42:55: Registering ResourceManager for type Material
23:42:55: Registering ResourceManager for type Skeleton
23:42:55: XMLMeshSerializer reading mesh data from C:\Editing\Clonk\OpenClonk_Projects\Project_UnrealArena\Content\UnrealArena.ocf\Arena.ocd\Characters.ocd\Graphics.ocd\GraphicsMSoldierLegs.mesh.xml...
23:42:55: Reading geometry...
23:42:55: Geometry done...
23:42:55: Reading submeshes...
23:42:55: Reading bone assignments...
23:42:55: Bone assignments done.
23:42:55: Reading bone assignments...
23:42:55: Bone assignments done.
23:42:55: Reading bone assignments...
23:42:55: Bone assignments done.
23:42:55: Submeshes done.
23:42:55: Skeleton: Loading include.Clonk.skeleton
23:42:55: OGRE EXCEPTION(6:FileNotFoundException): Cannot locate resource include.Clonk.skeleton in resource group General or any other group. in ResourceGroupManager::openResource at ..\..\..\..\OgreMain\src\OgreResourceGroupManager.cpp (line 756)
23:42:55: Unable to load skeleton include.Clonk.skeleton for Mesh conversion. This Mesh will not be animated. You can ignore this message if you are using an offline tool.
23:42:55: Reading bone assignments...
23:42:55: Bone assignments done.
23:42:55: Reading mesh names...
23:42:55: Mesh names done.
23:42:55: XMLMeshSerializer import successful.
23:42:55: Reorganising vertex buffers to automatic layout...
23:42:55: MeshSerializer writing mesh data to stream ...
23:42:55: File header written.
23:42:55: Writing mesh data...
23:42:55: Writing submesh...
23:42:55: Exporting submesh texture aliases...
23:42:55: Submesh texture aliases exported.
23:42:55: Submesh exported.
23:42:55: Writing submesh...
23:42:55: Exporting submesh texture aliases...
23:42:55: Submesh texture aliases exported.
23:42:55: Submesh exported.
23:42:55: Writing submesh...
23:42:55: Exporting submesh texture aliases...
23:42:55: Submesh texture aliases exported.
23:42:55: Submesh exported.
23:42:55: Exporting skeleton link...
23:42:55: Skeleton link exported.
23:42:55: Exporting shared geometry bone assignments...
23:42:55: Shared geometry bone assignments exported.
23:42:55: Exporting bounds information....
23:42:55: Bounds information exported.
23:42:55: Exporting submesh name table...
23:42:55: Submesh name table exported.
23:42:55: Exporting edge lists...
23:42:55: Edge lists exported
23:42:55: Mesh data exported.
23:42:55: MeshSerializer export successful.
23:42:55: Unregistering ResourceManager for type Skeleton
23:42:55: Unregistering ResourceManager for type Material
23:42:55: Unregistering ResourceManager for type Mesh
